Started by user unknown or anonymous
Building in workspace /home/omer/IdeaProjects/evolven-plugin/evolven-plugin/work/workspace/a
ERROR: Build step failed with exception
java.lang.ClassCastException: class org.json.simple.JSONObject cannot be cast to class org.json.simple.JSONArray (org.json.simple.JSONObject and org.json.simple.JSONArray are in unnamed module of loader hudson.ClassicPluginStrategy$AntClassLoader2 @1efefa48)
	at io.jenkins.plugins.sample.EvolvenBuilder.getCommits(EvolvenBuilder.java:147)
	at io.jenkins.plugins.sample.EvolvenBuilder.perform(EvolvenBuilder.java:188)
	at hudson.tasks.BuildStepCompatibilityLayer.perform(BuildStepCompatibilityLayer.java:81)
	at hudson.tasks.BuildStepMonitor$1.perform(BuildStepMonitor.java:20)
	at hudson.model.AbstractBuild$AbstractBuildExecution.perform(AbstractBuild.java:744)
	at hudson.model.Build$BuildExecution.build(Build.java:206)
	at hudson.model.Build$BuildExecution.doRun(Build.java:163)
	at hudson.model.AbstractBuild$AbstractBuildExecution.run(AbstractBuild.java:504)
	at hudson.model.Run.execute(Run.java:1816)
	at hudson.model.FreeStyleBuild.run(FreeStyleBuild.java:43)
	at hudson.model.ResourceController.execute(ResourceController.java:97)
	at hudson.model.Executor.run(Executor.java:429)
Build step 'Evolven post-deploy scan' marked build as failure
Finished: FAILURE
